==========================================
SLURM_JOB_ID = 140330
SLURM_JOB_NODELIST = flux-node[07,11,13-14]
SLURM_NTASKS = 512
SLURM_NNODES = 4
SLURM_NPROCS = 512
SLURM_MEM_PER_CPU = 
TMPDIR = /scratch/local/amaan/SLURM_140330
TMPDIR_LOCAL = /scratch/local/amaan/SLURM_140330
TMPDIR_SHARED = /scratch/shared/amaan/SLURM_140330
==========================================
flux-node[07,11,13-14]
512
140330
/p/ltxdata/Li_evporator/composite_surface
 rank =            0  starting chunk            1 starting at -            1  ending at -            4
 rank =            0  starting chunk            2 starting at -            5  ending at -            8
 rank =            0  starting chunk            3 starting at -            9  ending at -           12
 rank =            0  starting chunk            4 starting at -           13  ending at -           16
 rank =            0  starting chunk            5 starting at -           17  ending at -           20
 rank =            0  starting chunk            6 starting at -           21  ending at -           24
 rank =            0  starting chunk            7 starting at -           25  ending at -           28
 rank =            0  starting chunk            8 starting at -           29  ending at -           32
 rank =            0  starting chunk            9 starting at -           33  ending at -           36
 rank =            0  starting chunk           10 starting at -           37  ending at -           40
 rank =            0  starting chunk           11 starting at -           41  ending at -           44
 rank =            0  starting chunk           12 starting at -           45  ending at -           48
 rank =            0  starting chunk           13 starting at -           49  ending at -           52
 rank =            0  starting chunk           14 starting at -           53  ending at -           56
 rank =            0  starting chunk           15 starting at -           57  ending at -           60
 rank =            0  starting chunk           16 starting at -           61  ending at -           64
 rank =            0  starting chunk           17 starting at -           65  ending at -           68
 rank =            0  starting chunk           18 starting at -           69  ending at -           72
 rank =            0  starting chunk           19 starting at -           73  ending at -           76
 rank =            0  starting chunk           20 starting at -           77  ending at -           80
 rank =            0  starting chunk           21 starting at -           81  ending at -           84
 rank =            0  starting chunk           22 starting at -           85  ending at -           88
 rank =            0  starting chunk           23 starting at -           89  ending at -           92
 rank =            0  starting chunk           24 starting at -           93  ending at -           96
 rank =            0  starting chunk           25 starting at -           97  ending at -          100
 rank =            0  starting chunk           26 starting at -          101  ending at -          104
 rank =            0  starting chunk           27 starting at -          105  ending at -          108
 rank =            0  starting chunk           28 starting at -          109  ending at -          112
 rank =            0  starting chunk           29 starting at -          113  ending at -          116
 rank =            0  starting chunk           30 starting at -          117  ending at -          120
 rank =            0  starting chunk           31 starting at -          121  ending at -          124
 rank =            0  starting chunk           32 starting at -          125  ending at -          128
 rank =            0  starting chunk           33 starting at -          129  ending at -          132
 rank =            0  starting chunk           34 starting at -          133  ending at -          136
 rank =            0  starting chunk           35 starting at -          137  ending at -          140
 rank =            0  starting chunk           36 starting at -          141  ending at -          144
 rank =            0  starting chunk           37 starting at -          145  ending at -          148
 rank =            0  starting chunk           38 starting at -          149  ending at -          152
 rank =            0  starting chunk           39 starting at -          153  ending at -          156
 rank =            0  starting chunk           40 starting at -          157  ending at -          160
 rank =            0  starting chunk           41 starting at -          161  ending at -          164
 rank =            0  starting chunk           42 starting at -          165  ending at -          168
 rank =            0  starting chunk           43 starting at -          169  ending at -          172
 rank =            0  starting chunk           44 starting at -          173  ending at -          176
 rank =            0  starting chunk           45 starting at -          177  ending at -          180
 rank =            0  starting chunk           46 starting at -          181  ending at -          184
 rank =            0  starting chunk           47 starting at -          185  ending at -          188
 rank =            0  starting chunk           48 starting at -          189  ending at -          192
 rank =            0  starting chunk           49 starting at -          193  ending at -          196
 rank =            0  starting chunk           50 starting at -          197  ending at -          200
 rank =            0  starting chunk           51 starting at -          201  ending at -          204
 rank =            0  starting chunk           52 starting at -          205  ending at -          208
 rank =            0  starting chunk           53 starting at -          209  ending at -          212
 rank =            0  starting chunk           54 starting at -          213  ending at -          216
 rank =            0  starting chunk           55 starting at -          217  ending at -          220
 rank =            0  starting chunk           56 starting at -          221  ending at -          224
 rank =            0  starting chunk           57 starting at -          225  ending at -          228
 rank =            0  starting chunk           58 starting at -          229  ending at -          232
 rank =            0  starting chunk           59 starting at -          233  ending at -          236
 rank =            0  starting chunk           60 starting at -          237  ending at -          240
 rank =            0  starting chunk           61 starting at -          241  ending at -          244
 rank =            0  starting chunk           62 starting at -          245  ending at -          248
 rank =            0  starting chunk           63 starting at -          249  ending at -          252
 rank =            0  starting chunk           64 starting at -          253  ending at -          256
 rank =            0  starting chunk           65 starting at -          257  ending at -          260
 rank =            0  starting chunk           66 starting at -          261  ending at -          264
 rank =            0  starting chunk           67 starting at -          265  ending at -          268
 rank =            0  starting chunk           68 starting at -          269  ending at -          272
 rank =            0  starting chunk           69 starting at -          273  ending at -          276
 rank =            0  starting chunk           70 starting at -          277  ending at -          280
 rank =            0  starting chunk           71 starting at -          281  ending at -          284
 rank =            0  starting chunk           72 starting at -          285  ending at -          288
 rank =            0  starting chunk           73 starting at -          289  ending at -          292
 rank =            0  starting chunk           74 starting at -          293  ending at -          296
 rank =            0  starting chunk           75 starting at -          297  ending at -          300
 rank =            0  starting chunk           76 starting at -          301  ending at -          304
 rank =            0  starting chunk           77 starting at -          305  ending at -          308
 rank =            0  starting chunk           78 starting at -          309  ending at -          312
 rank =            0  starting chunk           79 starting at -          313  ending at -          316
 rank =            0  starting chunk           80 starting at -          317  ending at -          320
 rank =            0  starting chunk           81 starting at -          321  ending at -          324
 rank =            0  starting chunk           82 starting at -          325  ending at -          328
 rank =            0  starting chunk           83 starting at -          329  ending at -          332
 rank =            0  starting chunk           84 starting at -          333  ending at -          336
 rank =            0  starting chunk           85 starting at -          337  ending at -          340
 rank =            0  starting chunk           86 starting at -          341  ending at -          344
 rank =            0  starting chunk           87 starting at -          345  ending at -          348
 rank =            0  starting chunk           88 starting at -          349  ending at -          352
 rank =            0  starting chunk           89 starting at -          353  ending at -          356
 rank =            0  starting chunk           90 starting at -          357  ending at -          360
 rank =            0  starting chunk           91 starting at -          361  ending at -          364
 rank =            0  starting chunk           92 starting at -          365  ending at -          368
 rank =            0  starting chunk           93 starting at -          369  ending at -          372
 rank =            0  starting chunk           94 starting at -          373  ending at -          376
 rank =            0  starting chunk           95 starting at -          377  ending at -          380
 rank =            0  starting chunk           96 starting at -          381  ending at -          384
 rank =            0  starting chunk           97 starting at -          385  ending at -          388
 rank =            0  starting chunk           98 starting at -          389  ending at -          392
 rank =            0  starting chunk           99 starting at -          393  ending at -          396
 rank =            0  starting chunk          100 starting at -          397  ending at -          400
 rank =            0  starting chunk          101 starting at -          401  ending at -          404
 rank =            0  starting chunk          102 starting at -          405  ending at -          408
 rank =            0  starting chunk          103 starting at -          409  ending at -          412
 rank =            0  starting chunk          104 starting at -          413  ending at -          416
 rank =            0  starting chunk          105 starting at -          417  ending at -          420
 rank =            0  starting chunk          106 starting at -          421  ending at -          424
 rank =            0  starting chunk          107 starting at -          425  ending at -          428
 rank =            0  starting chunk          108 starting at -          429  ending at -          432
 rank =            0  starting chunk          109 starting at -          433  ending at -          436
 rank =            0  starting chunk          110 starting at -          437  ending at -          440
 rank =            0  starting chunk          111 starting at -          441  ending at -          444
 rank =            0  starting chunk          112 starting at -          445  ending at -          448
 rank =            0  starting chunk          113 starting at -          449  ending at -          452
 rank =            0  starting chunk          114 starting at -          453  ending at -          456
 rank =            0  starting chunk          115 starting at -          457  ending at -          460
 rank =            0  starting chunk          116 starting at -          461  ending at -          464
 rank =            0  starting chunk          117 starting at -          465  ending at -          468
 rank =            0  starting chunk          118 starting at -          469  ending at -          472
 rank =            0  starting chunk          119 starting at -          473  ending at -          476
 rank =            0  starting chunk          120 starting at -          477  ending at -          480
 rank =            0  starting chunk          121 starting at -          481  ending at -          484
 rank =            0  starting chunk          122 starting at -          485  ending at -          488
 rank =            0  starting chunk          123 starting at -          489  ending at -          492
 rank =            0  starting chunk          124 starting at -          493  ending at -          496
 rank =            0  starting chunk          125 starting at -          497  ending at -          500
 rank =            0  starting chunk          126 starting at -          501  ending at -          504
 rank =            0  starting chunk          127 starting at -          505  ending at -          508
 rank =            0  starting chunk          128 starting at -          509  ending at -          512
 rank =            0  starting chunk          129 starting at -          513  ending at -          516
 rank =            0  starting chunk          130 starting at -          517  ending at -          520
 rank =            0  starting chunk          131 starting at -          521  ending at -          524
 rank =            0  starting chunk          132 starting at -          525  ending at -          528
 rank =            0  starting chunk          133 starting at -          529  ending at -          532
 rank =            0  starting chunk          134 starting at -          533  ending at -          536
 rank =            0  starting chunk          135 starting at -          537  ending at -          540
 rank =            0  starting chunk          136 starting at -          541  ending at -          544
 rank =            0  starting chunk          137 starting at -          545  ending at -          548
 rank =            0  starting chunk          138 starting at -          549  ending at -          552
 rank =            0  starting chunk          139 starting at -          553  ending at -          556
 rank =            0  starting chunk          140 starting at -          557  ending at -          560
 rank =            0  starting chunk          141 starting at -          561  ending at -          564
 rank =            0  starting chunk          142 starting at -          565  ending at -          568
 rank =            0  starting chunk          143 starting at -          569  ending at -          572
 rank =            0  starting chunk          144 starting at -          573  ending at -          576
 rank =            0  starting chunk          145 starting at -          577  ending at -          580
 rank =            0  starting chunk          146 starting at -          581  ending at -          584
 rank =            0  starting chunk          147 starting at -          585  ending at -          588
 rank =            0  starting chunk          148 starting at -          589  ending at -          592
 rank =            0  starting chunk          149 starting at -          593  ending at -          596
 rank =            0  starting chunk          150 starting at -          597  ending at -          600
 rank =            0  starting chunk          151 starting at -          601  ending at -          604
 rank =            0  starting chunk          152 starting at -          605  ending at -          608
 rank =            0  starting chunk          153 starting at -          609  ending at -          612
 rank =            0  starting chunk          154 starting at -          613  ending at -          616
 rank =            0  starting chunk          155 starting at -          617  ending at -          620
 rank =            0  starting chunk          156 starting at -          621  ending at -          624
 rank =            0  starting chunk          157 starting at -          625  ending at -          628
 rank =            0  starting chunk          158 starting at -          629  ending at -          632
 rank =            0  starting chunk          159 starting at -          633  ending at -          636
 rank =            0  starting chunk          160 starting at -          637  ending at -          640
 rank =            0  starting chunk          161 starting at -          641  ending at -          644
 rank =            0  starting chunk          162 starting at -          645  ending at -          648
 rank =            0  starting chunk          163 starting at -          649  ending at -          652
 rank =            0  starting chunk          164 starting at -          653  ending at -          656
 rank =            0  starting chunk          165 starting at -          657  ending at -          660
 rank =            0  starting chunk          166 starting at -          661  ending at -          664
 rank =            0  starting chunk          167 starting at -          665  ending at -          668
 rank =            0  starting chunk          168 starting at -          669  ending at -          672
 rank =            0  starting chunk          169 starting at -          673  ending at -          676
 rank =            0  starting chunk          170 starting at -          677  ending at -          680
 rank =            0  starting chunk          171 starting at -          681  ending at -          684
 rank =            0  starting chunk          172 starting at -          685  ending at -          688
 rank =            0  starting chunk          173 starting at -          689  ending at -          692
 rank =            0  starting chunk          174 starting at -          693  ending at -          696
 rank =            0  starting chunk          175 starting at -          697  ending at -          700
 rank =            0  starting chunk          176 starting at -          701  ending at -          704
 rank =            0  starting chunk          177 starting at -          705  ending at -          708
 rank =            0  starting chunk          178 starting at -          709  ending at -          712
 rank =            0  starting chunk          179 starting at -          713  ending at -          716
 rank =            0  starting chunk          180 starting at -          717  ending at -          720
 rank =            0  starting chunk          181 starting at -          721  ending at -          724
 rank =            0  starting chunk          182 starting at -          725  ending at -          728
 rank =            0  starting chunk          183 starting at -          729  ending at -          732
 rank =            0  starting chunk          184 starting at -          733  ending at -          736
 rank =            0  starting chunk          185 starting at -          737  ending at -          740
 rank =            0  starting chunk          186 starting at -          741  ending at -          744
 rank =            0  starting chunk          187 starting at -          745  ending at -          748
 rank =            0  starting chunk          188 starting at -          749  ending at -          752
 rank =            0  starting chunk          189 starting at -          753  ending at -          756
 rank =            0  starting chunk          190 starting at -          757  ending at -          760
 rank =            0  starting chunk          191 starting at -          761  ending at -          764
 rank =            0  starting chunk          192 starting at -          765  ending at -          768
 rank =            0  starting chunk          193 starting at -          769  ending at -          772
 rank =            0  starting chunk          194 starting at -          773  ending at -          776
 rank =            0  starting chunk          195 starting at -          777  ending at -          780
 rank =            0  starting chunk          196 starting at -          781  ending at -          784
 rank =            0  starting chunk          197 starting at -          785  ending at -          788
 rank =            0  starting chunk          198 starting at -          789  ending at -          792
 rank =            0  starting chunk          199 starting at -          793  ending at -          796
 rank =            0  starting chunk          200 starting at -          797  ending at -          800
 rank =            0  starting chunk          201 starting at -          801  ending at -          804
 rank =            0  starting chunk          202 starting at -          805  ending at -          808
 rank =            0  starting chunk          203 starting at -          809  ending at -          812
 rank =            0  starting chunk          204 starting at -          813  ending at -          816
 rank =            0  starting chunk          205 starting at -          817  ending at -          820
 rank =            0  starting chunk          206 starting at -          821  ending at -          824
 rank =            0  starting chunk          207 starting at -          825  ending at -          828
 rank =            0  starting chunk          208 starting at -          829  ending at -          832
 rank =            0  starting chunk          209 starting at -          833  ending at -          836
 rank =            0  starting chunk          210 starting at -          837  ending at -          840
 rank =            0  starting chunk          211 starting at -          841  ending at -          844
 rank =            0  starting chunk          212 starting at -          845  ending at -          848
 rank =            0  starting chunk          213 starting at -          849  ending at -          852
 rank =            0  starting chunk          214 starting at -          853  ending at -          856
 rank =            0  starting chunk          215 starting at -          857  ending at -          860
 rank =            0  starting chunk          216 starting at -          861  ending at -          864
 rank =            0  starting chunk          217 starting at -          865  ending at -          868
 rank =            0  starting chunk          218 starting at -          869  ending at -          872
 rank =            0  starting chunk          219 starting at -          873  ending at -          876
 rank =            0  starting chunk          220 starting at -          877  ending at -          880
 rank =            0  starting chunk          221 starting at -          881  ending at -          884
 rank =            0  starting chunk          222 starting at -          885  ending at -          888
 rank =            0  starting chunk          223 starting at -          889  ending at -          892
 rank =            0  starting chunk          224 starting at -          893  ending at -          896
 rank =            0  starting chunk          225 starting at -          897  ending at -          900
 rank =            0  starting chunk          226 starting at -          901  ending at -          904
 rank =            0  starting chunk          227 starting at -          905  ending at -          908
 rank =            0  starting chunk          228 starting at -          909  ending at -          912
 rank =            0  starting chunk          229 starting at -          913  ending at -          916
 rank =            0  starting chunk          230 starting at -          917  ending at -          920
 rank =            0  starting chunk          231 starting at -          921  ending at -          924
 rank =            0  starting chunk          232 starting at -          925  ending at -          928
 rank =            0  starting chunk          233 starting at -          929  ending at -          932
 rank =            0  starting chunk          234 starting at -          933  ending at -          936
 rank =            0  starting chunk          235 starting at -          937  ending at -          940
 rank =            0  starting chunk          236 starting at -          941  ending at -          944
 rank =            0  starting chunk          237 starting at -          945  ending at -          948
 rank =            0  starting chunk          238 starting at -          949  ending at -          952
 rank =            0  starting chunk          239 starting at -          953  ending at -          956
 rank =            0  starting chunk          240 starting at -          957  ending at -          960
 rank =            0  starting chunk          241 starting at -          961  ending at -          964
 rank =            0  starting chunk          242 starting at -          965  ending at -          968
 rank =            0  starting chunk          243 starting at -          969  ending at -          972
 rank =            0  starting chunk          244 starting at -          973  ending at -          976
 rank =            0  starting chunk          245 starting at -          977  ending at -          980
 rank =            0  starting chunk          246 starting at -          981  ending at -          984
 rank =            0  starting chunk          247 starting at -          985  ending at -          988
 rank =            0  starting chunk          248 starting at -          989  ending at -          992
 rank =            0  starting chunk          249 starting at -          993  ending at -          996
 rank =            0  starting chunk          250 starting at -          997  ending at -         1000
 rank =            0  starting chunk          251 starting at -         1001  ending at -         1004
 rank =            0  starting chunk          252 starting at -         1005  ending at -         1008
 rank =            0  starting chunk          253 starting at -         1009  ending at -         1012
 rank =            0  starting chunk          254 starting at -         1013  ending at -         1016
 rank =            0  starting chunk          255 starting at -         1017  ending at -         1020
 rank =            0  starting chunk          256 starting at -         1021  ending at -         1024
 rank =            0  starting chunk          257 starting at -         1025  ending at -         1028
 rank =            0  starting chunk          258 starting at -         1029  ending at -         1032
 rank =            0  starting chunk          259 starting at -         1033  ending at -         1036
 rank =            0  starting chunk          260 starting at -         1037  ending at -         1040
 rank =            0  starting chunk          261 starting at -         1041  ending at -         1044
 rank =            0  starting chunk          262 starting at -         1045  ending at -         1048
 rank =            0  starting chunk          263 starting at -         1049  ending at -         1052
 rank =            0  starting chunk          264 starting at -         1053  ending at -         1056
 rank =            0  starting chunk          265 starting at -         1057  ending at -         1060
 rank =            0  starting chunk          266 starting at -         1061  ending at -         1064
 rank =            0  starting chunk          267 starting at -         1065  ending at -         1068
 rank =            0  starting chunk          268 starting at -         1069  ending at -         1072
 rank =            0  starting chunk          269 starting at -         1073  ending at -         1076
 rank =            0  starting chunk          270 starting at -         1077  ending at -         1080
 rank =            0  starting chunk          271 starting at -         1081  ending at -         1084
 rank =            0  starting chunk          272 starting at -         1085  ending at -         1088
 rank =            0  starting chunk          273 starting at -         1089  ending at -         1092
 rank =            0  starting chunk          274 starting at -         1093  ending at -         1096
 rank =            0  starting chunk          275 starting at -         1097  ending at -         1100
 rank =            0  starting chunk          276 starting at -         1101  ending at -         1104
 rank =            0  starting chunk          277 starting at -         1105  ending at -         1108
 rank =            0  starting chunk          278 starting at -         1109  ending at -         1112
 rank =            0  starting chunk          279 starting at -         1113  ending at -         1116
 rank =            0  starting chunk          280 starting at -         1117  ending at -         1120
 rank =            0  starting chunk          281 starting at -         1121  ending at -         1124
 rank =            0  starting chunk          282 starting at -         1125  ending at -         1128
 rank =            0  starting chunk          283 starting at -         1129  ending at -         1132
 rank =            0  starting chunk          284 starting at -         1133  ending at -         1136
 rank =            0  starting chunk          285 starting at -         1137  ending at -         1140
 rank =            0  starting chunk          286 starting at -         1141  ending at -         1144
 rank =            0  starting chunk          287 starting at -         1145  ending at -         1148
 rank =            0  starting chunk          288 starting at -         1149  ending at -         1152
 rank =            0  starting chunk          289 starting at -         1153  ending at -         1156
 rank =            0  starting chunk          290 starting at -         1157  ending at -         1160
 rank =            0  starting chunk          291 starting at -         1161  ending at -         1164
 rank =            0  starting chunk          292 starting at -         1165  ending at -         1168
 rank =            0  starting chunk          293 starting at -         1169  ending at -         1172
 rank =            0  starting chunk          294 starting at -         1173  ending at -         1176
 rank =            0  starting chunk          295 starting at -         1177  ending at -         1180
 rank =            0  starting chunk          296 starting at -         1181  ending at -         1184
 rank =            0  starting chunk          297 starting at -         1185  ending at -         1188
 rank =            0  starting chunk          298 starting at -         1189  ending at -         1192
 rank =            0  starting chunk          299 starting at -         1193  ending at -         1196
 rank =            0  starting chunk          300 starting at -         1197  ending at -         1200
 rank =            0  starting chunk          301 starting at -         1201  ending at -         1204
 rank =            0  starting chunk          302 starting at -         1205  ending at -         1208
 rank =            0  starting chunk          303 starting at -         1209  ending at -         1212
 rank =            0  starting chunk          304 starting at -         1213  ending at -         1216
 rank =            0  starting chunk          305 starting at -         1217  ending at -         1220
 rank =            0  starting chunk          306 starting at -         1221  ending at -         1224
 rank =            0  starting chunk          307 starting at -         1225  ending at -         1228
 rank =            0  starting chunk          308 starting at -         1229  ending at -         1232
 rank =            0  starting chunk          309 starting at -         1233  ending at -         1236
 rank =            0  starting chunk          310 starting at -         1237  ending at -         1240
 rank =            0  starting chunk          311 starting at -         1241  ending at -         1244
 rank =            0  starting chunk          312 starting at -         1245  ending at -         1248
 rank =            0  starting chunk          313 starting at -         1249  ending at -         1252
 rank =            0  starting chunk          314 starting at -         1253  ending at -         1256
 rank =            0  starting chunk          315 starting at -         1257  ending at -         1260
 rank =            0  starting chunk          316 starting at -         1261  ending at -         1264
 rank =            0  starting chunk          317 starting at -         1265  ending at -         1268
 rank =            0  starting chunk          318 starting at -         1269  ending at -         1272
 rank =            0  starting chunk          319 starting at -         1273  ending at -         1276
 rank =            0  starting chunk          320 starting at -         1277  ending at -         1280
 rank =            0  starting chunk          321 starting at -         1281  ending at -         1284
 rank =            0  starting chunk          322 starting at -         1285  ending at -         1288
 rank =            0  starting chunk          323 starting at -         1289  ending at -         1292
 rank =            0  starting chunk          324 starting at -         1293  ending at -         1296
 rank =            0  starting chunk          325 starting at -         1297  ending at -         1300
 rank =            0  starting chunk          326 starting at -         1301  ending at -         1304
 rank =            0  starting chunk          327 starting at -         1305  ending at -         1308
 rank =            0  starting chunk          328 starting at -         1309  ending at -         1312
 rank =            0  starting chunk          329 starting at -         1313  ending at -         1316
 rank =            0  starting chunk          330 starting at -         1317  ending at -         1320
 rank =            0  starting chunk          331 starting at -         1321  ending at -         1324
 rank =            0  starting chunk          332 starting at -         1325  ending at -         1328
 rank =            0  starting chunk          333 starting at -         1329  ending at -         1332
 rank =            0  starting chunk          334 starting at -         1333  ending at -         1336
 rank =            0  starting chunk          335 starting at -         1337  ending at -         1340
 rank =            0  starting chunk          336 starting at -         1341  ending at -         1344
 rank =            0  starting chunk          337 starting at -         1345  ending at -         1348
 rank =            0  starting chunk          338 starting at -         1349  ending at -         1352
 rank =            0  starting chunk          339 starting at -         1353  ending at -         1356
 rank =            0  starting chunk          340 starting at -         1357  ending at -         1360
 rank =            0  starting chunk          341 starting at -         1361  ending at -         1364
 rank =            0  starting chunk          342 starting at -         1365  ending at -         1368
 rank =            0  starting chunk          343 starting at -         1369  ending at -         1372
 rank =            0  starting chunk          344 starting at -         1373  ending at -         1376
 rank =            0  starting chunk          345 starting at -         1377  ending at -         1380
 rank =            0  starting chunk          346 starting at -         1381  ending at -         1384
 rank =            0  starting chunk          347 starting at -         1385  ending at -         1388
 rank =            0  starting chunk          348 starting at -         1389  ending at -         1392
 rank =            0  starting chunk          349 starting at -         1393  ending at -         1396
 rank =            0  starting chunk          350 starting at -         1397  ending at -         1400
 rank =            0  starting chunk          351 starting at -         1401  ending at -         1404
 rank =            0  starting chunk          352 starting at -         1405  ending at -         1408
 rank =            0  starting chunk          353 starting at -         1409  ending at -         1412
 rank =            0  starting chunk          354 starting at -         1413  ending at -         1416
 rank =            0  starting chunk          355 starting at -         1417  ending at -         1420
 rank =            0  starting chunk          356 starting at -         1421  ending at -         1424
 rank =            0  starting chunk          357 starting at -         1425  ending at -         1428
 rank =            0  starting chunk          358 starting at -         1429  ending at -         1432
 rank =            0  starting chunk          359 starting at -         1433  ending at -         1436
 rank =            0  starting chunk          360 starting at -         1437  ending at -         1440
 rank =            0  starting chunk          361 starting at -         1441  ending at -         1444
 rank =            0  starting chunk          362 starting at -         1445  ending at -         1448
 rank =            0  starting chunk          363 starting at -         1449  ending at -         1452
 rank =            0  starting chunk          364 starting at -         1453  ending at -         1456
 rank =            0  starting chunk          365 starting at -         1457  ending at -         1460
 rank =            0  starting chunk          366 starting at -         1461  ending at -         1464
 rank =            0  starting chunk          367 starting at -         1465  ending at -         1468
 rank =            0  starting chunk          368 starting at -         1469  ending at -         1472
 rank =            0  starting chunk          369 starting at -         1473  ending at -         1476
 rank =            0  starting chunk          370 starting at -         1477  ending at -         1480
 rank =            0  starting chunk          371 starting at -         1481  ending at -         1484
 rank =            0  starting chunk          372 starting at -         1485  ending at -         1488
 rank =            0  starting chunk          373 starting at -         1489  ending at -         1492
 rank =            0  starting chunk          374 starting at -         1493  ending at -         1496
 rank =            0  starting chunk          375 starting at -         1497  ending at -         1500
 rank =            0  starting chunk          376 starting at -         1501  ending at -         1504
 rank =            0  starting chunk          377 starting at -         1505  ending at -         1508
 rank =            0  starting chunk          378 starting at -         1509  ending at -         1512
 rank =            0  starting chunk          379 starting at -         1513  ending at -         1516
 rank =            0  starting chunk          380 starting at -         1517  ending at -         1520
 rank =            0  starting chunk          381 starting at -         1521  ending at -         1524
 rank =            0  starting chunk          382 starting at -         1525  ending at -         1528
 rank =            0  starting chunk          383 starting at -         1529  ending at -         1532
 rank =            0  starting chunk          384 starting at -         1533  ending at -         1536
 rank =            0  starting chunk          385 starting at -         1537  ending at -         1540
 rank =            0  starting chunk          386 starting at -         1541  ending at -         1544
 rank =            0  starting chunk          387 starting at -         1545  ending at -         1548
 rank =            0  starting chunk          388 starting at -         1549  ending at -         1552
 rank =            0  starting chunk          389 starting at -         1553  ending at -         1556
 rank =            0  starting chunk          390 starting at -         1557  ending at -         1560
 rank =            0  starting chunk          391 starting at -         1561  ending at -         1564
 rank =            0  starting chunk          392 starting at -         1565  ending at -         1568
 rank =            0  starting chunk          393 starting at -         1569  ending at -         1572
 rank =            0  starting chunk          394 starting at -         1573  ending at -         1576
 rank =            0  starting chunk          395 starting at -         1577  ending at -         1580
 rank =            0  starting chunk          396 starting at -         1581  ending at -         1584
 rank =            0  starting chunk          397 starting at -         1585  ending at -         1588
 rank =            0  starting chunk          398 starting at -         1589  ending at -         1592
 rank =            0  starting chunk          399 starting at -         1593  ending at -         1596
 rank =            0  starting chunk          400 starting at -         1597  ending at -         1600
 rank =            0  starting chunk          401 starting at -         1601  ending at -         1604
 rank =            0  starting chunk          402 starting at -         1605  ending at -         1608
 rank =            0  starting chunk          403 starting at -         1609  ending at -         1612
 rank =            0  starting chunk          404 starting at -         1613  ending at -         1616
 rank =            0  starting chunk          405 starting at -         1617  ending at -         1620
 rank =            0  starting chunk          406 starting at -         1621  ending at -         1624
 rank =            0  starting chunk          407 starting at -         1625  ending at -         1628
 rank =            0  starting chunk          408 starting at -         1629  ending at -         1632
 rank =            0  starting chunk          409 starting at -         1633  ending at -         1636
 rank =            0  starting chunk          410 starting at -         1637  ending at -         1640
 rank =            0  starting chunk          411 starting at -         1641  ending at -         1644
 rank =            0  starting chunk          412 starting at -         1645  ending at -         1648
 rank =            0  starting chunk          413 starting at -         1649  ending at -         1652
 rank =            0  starting chunk          414 starting at -         1653  ending at -         1656
 rank =            0  starting chunk          415 starting at -         1657  ending at -         1660
 rank =            0  starting chunk          416 starting at -         1661  ending at -         1664
 rank =            0  starting chunk          417 starting at -         1665  ending at -         1668
 rank =            0  starting chunk          418 starting at -         1669  ending at -         1672
 rank =            0  starting chunk          419 starting at -         1673  ending at -         1676
 rank =            0  starting chunk          420 starting at -         1677  ending at -         1680
 rank =            0  starting chunk          421 starting at -         1681  ending at -         1684
 rank =            0  starting chunk          422 starting at -         1685  ending at -         1688
 rank =            0  starting chunk          423 starting at -         1689  ending at -         1692
 rank =            0  starting chunk          424 starting at -         1693  ending at -         1696
 rank =            0  starting chunk          425 starting at -         1697  ending at -         1700
 rank =            0  starting chunk          426 starting at -         1701  ending at -         1704
 rank =            0  starting chunk          427 starting at -         1705  ending at -         1708
 rank =            0  starting chunk          428 starting at -         1709  ending at -         1712
 rank =            0  starting chunk          429 starting at -         1713  ending at -         1716
 rank =            0  starting chunk          430 starting at -         1717  ending at -         1720
 rank =            0  starting chunk          431 starting at -         1721  ending at -         1724
 rank =            0  starting chunk          432 starting at -         1725  ending at -         1728
 rank =            0  starting chunk          433 starting at -         1729  ending at -         1732
 rank =            0  starting chunk          434 starting at -         1733  ending at -         1736
 rank =            0  starting chunk          435 starting at -         1737  ending at -         1740
 rank =            0  starting chunk          436 starting at -         1741  ending at -         1744
 rank =            0  starting chunk          437 starting at -         1745  ending at -         1748
 rank =            0  starting chunk          438 starting at -         1749  ending at -         1752
 rank =            0  starting chunk          439 starting at -         1753  ending at -         1756
 rank =            0  starting chunk          440 starting at -         1757  ending at -         1760
 rank =            0  starting chunk          441 starting at -         1761  ending at -         1764
 rank =            0  starting chunk          442 starting at -         1765  ending at -         1768
 rank =            0  starting chunk          443 starting at -         1769  ending at -         1772
 rank =            0  starting chunk          444 starting at -         1773  ending at -         1776
 rank =            0  starting chunk          445 starting at -         1777  ending at -         1780
 rank =            0  starting chunk          446 starting at -         1781  ending at -         1784
 rank =            0  starting chunk          447 starting at -         1785  ending at -         1788
 rank =            0  starting chunk          448 starting at -         1789  ending at -         1792
 rank =            0  starting chunk          449 starting at -         1793  ending at -         1796
 rank =            0  starting chunk          450 starting at -         1797  ending at -         1800
 rank =            0  starting chunk          451 starting at -         1801  ending at -         1804
 rank =            0  starting chunk          452 starting at -         1805  ending at -         1808
 rank =            0  starting chunk          453 starting at -         1809  ending at -         1812
 rank =            0  starting chunk          454 starting at -         1813  ending at -         1816
 rank =            0  starting chunk          455 starting at -         1817  ending at -         1820
 rank =            0  starting chunk          456 starting at -         1821  ending at -         1824
 rank =            0  starting chunk          457 starting at -         1825  ending at -         1828
 rank =            0  starting chunk          458 starting at -         1829  ending at -         1832
 rank =            0  starting chunk          459 starting at -         1833  ending at -         1836
 rank =            0  starting chunk          460 starting at -         1837  ending at -         1840
 rank =            0  starting chunk          461 starting at -         1841  ending at -         1844
 rank =            0  starting chunk          462 starting at -         1845  ending at -         1848
 rank =            0  starting chunk          463 starting at -         1849  ending at -         1852
 rank =            0  starting chunk          464 starting at -         1853  ending at -         1856
 rank =            0  starting chunk          465 starting at -         1857  ending at -         1860
 rank =            0  starting chunk          466 starting at -         1861  ending at -         1864
 rank =            0  starting chunk          467 starting at -         1865  ending at -         1868
 rank =            0  starting chunk          468 starting at -         1869  ending at -         1872
 rank =            0  starting chunk          469 starting at -         1873  ending at -         1876
 rank =            0  starting chunk          470 starting at -         1877  ending at -         1880
 rank =            0  starting chunk          471 starting at -         1881  ending at -         1884
 rank =            0  starting chunk          472 starting at -         1885  ending at -         1888
 rank =            0  starting chunk          473 starting at -         1889  ending at -         1892
 rank =            0  starting chunk          474 starting at -         1893  ending at -         1896
 rank =            0  starting chunk          475 starting at -         1897  ending at -         1900
 rank =            0  starting chunk          476 starting at -         1901  ending at -         1904
 rank =            0  starting chunk          477 starting at -         1905  ending at -         1908
 rank =            0  starting chunk          478 starting at -         1909  ending at -         1912
 rank =            0  starting chunk          479 starting at -         1913  ending at -         1916
 rank =            0  starting chunk          480 starting at -         1917  ending at -         1920
 rank =            0  starting chunk          481 starting at -         1921  ending at -         1924
 rank =            0  starting chunk          482 starting at -         1925  ending at -         1928
 rank =            0  starting chunk          483 starting at -         1929  ending at -         1932
 rank =            0  starting chunk          484 starting at -         1933  ending at -         1936
 rank =            0  starting chunk          485 starting at -         1937  ending at -         1940
 rank =            0  starting chunk          486 starting at -         1941  ending at -         1944
 rank =            0  starting chunk          487 starting at -         1945  ending at -         1948
 rank =            0  starting chunk          488 starting at -         1949  ending at -         1952
 rank =            0  starting chunk          489 starting at -         1953  ending at -         1956
 rank =            0  starting chunk          490 starting at -         1957  ending at -         1960
 rank =            0  starting chunk          491 starting at -         1961  ending at -         1964
 rank =            0  starting chunk          492 starting at -         1965  ending at -         1968
 rank =            0  starting chunk          493 starting at -         1969  ending at -         1972
 rank =            0  starting chunk          494 starting at -         1973  ending at -         1976
 rank =            0  starting chunk          495 starting at -         1977  ending at -         1980
 rank =            0  starting chunk          496 starting at -         1981  ending at -         1984
 rank =            0  starting chunk          497 starting at -         1985  ending at -         1988
 rank =            0  starting chunk          498 starting at -         1989  ending at -         1992
 rank =            0  starting chunk          499 starting at -         1993  ending at -         1996
 rank =            0  starting chunk          500 starting at -         1997  ending at -         2000
 rank =            0  starting chunk          501 starting at -         2001  ending at -         2004
 rank =            0  starting chunk          502 starting at -         2005  ending at -         2008
 rank =            0  starting chunk          503 starting at -         2009  ending at -         2012
 rank =            0  starting chunk          504 starting at -         2013  ending at -         2016
 rank =            0  starting chunk          505 starting at -         2017  ending at -         2020
 rank =            0  starting chunk          506 starting at -         2021  ending at -         2024
 rank =            0  starting chunk          507 starting at -         2025  ending at -         2028
 rank =            0  starting chunk          508 starting at -         2029  ending at -         2032
 rank =            0  starting chunk          509 starting at -         2033  ending at -         2036
 rank =            0  starting chunk          510 starting at -         2037  ending at -         2040
 rank =            0  starting chunk          511 starting at -         2041  ending at -         2044
 rank =            0  starting chunk          512 starting at -         2045  ending at -         2048
 rank =            0  starting chunk          513 starting at -         2049  ending at -         2052
 rank =            0  starting chunk          514 starting at -         2053  ending at -         2056
 rank =            0  starting chunk          515 starting at -         2057  ending at -         2060
 rank =            0  starting chunk          516 starting at -         2061  ending at -         2064
 rank =            0  starting chunk          517 starting at -         2065  ending at -         2068
 rank =            0  starting chunk          518 starting at -         2069  ending at -         2072
 rank =            0  starting chunk          519 starting at -         2073  ending at -         2076
 rank =            0  starting chunk          520 starting at -         2077  ending at -         2080
 rank =            0  starting chunk          521 starting at -         2081  ending at -         2084
 rank =            0  starting chunk          522 starting at -         2085  ending at -         2088
 rank =            0  starting chunk          523 starting at -         2089  ending at -         2092
 rank =            0  starting chunk          524 starting at -         2093  ending at -         2096
 rank =            0  starting chunk          525 starting at -         2097  ending at -         2100
 rank =            0  starting chunk          526 starting at -         2101  ending at -         2104
 rank =            0  starting chunk          527 starting at -         2105  ending at -         2108
 rank =            0  starting chunk          528 starting at -         2109  ending at -         2112
 rank =            0  starting chunk          529 starting at -         2113  ending at -         2116
 rank =            0  starting chunk          530 starting at -         2117  ending at -         2120
 rank =            0  starting chunk          531 starting at -         2121  ending at -         2124
 rank =            0  starting chunk          532 starting at -         2125  ending at -         2128
 rank =            0  starting chunk          533 starting at -         2129  ending at -         2132
 rank =            0  starting chunk          534 starting at -         2133  ending at -         2136
 rank =            0  starting chunk          535 starting at -         2137  ending at -         2140
 rank =            0  starting chunk          536 starting at -         2141  ending at -         2144
 rank =            0  starting chunk          537 starting at -         2145  ending at -         2148
 rank =            0  starting chunk          538 starting at -         2149  ending at -         2152
 rank =            0  starting chunk          539 starting at -         2153  ending at -         2156
 rank =            0  starting chunk          540 starting at -         2157  ending at -         2160
 rank =            0  starting chunk          541 starting at -         2161  ending at -         2164
 rank =            0  starting chunk          542 starting at -         2165  ending at -         2168
 rank =            0  starting chunk          543 starting at -         2169  ending at -         2172
 rank =            0  starting chunk          544 starting at -         2173  ending at -         2176
 rank =            0  starting chunk          545 starting at -         2177  ending at -         2180
 rank =            0  starting chunk          546 starting at -         2181  ending at -         2184
 rank =            0  starting chunk          547 starting at -         2185  ending at -         2188
 rank =            0  starting chunk          548 starting at -         2189  ending at -         2192
 rank =            0  starting chunk          549 starting at -         2193  ending at -         2196
 rank =            0  starting chunk          550 starting at -         2197  ending at -         2200
 rank =            0  starting chunk          551 starting at -         2201  ending at -         2204
 rank =            0  starting chunk          552 starting at -         2205  ending at -         2208
 rank =            0  starting chunk          553 starting at -         2209  ending at -         2212
 rank =            0  starting chunk          554 starting at -         2213  ending at -         2216
 rank =            0  starting chunk          555 starting at -         2217  ending at -         2220
 rank =            0  starting chunk          556 starting at -         2221  ending at -         2224
 rank =            0  starting chunk          557 starting at -         2225  ending at -         2228
 rank =            0  starting chunk          558 starting at -         2229  ending at -         2232
 rank =            0  starting chunk          559 starting at -         2233  ending at -         2236
 rank =            0  starting chunk          560 starting at -         2237  ending at -         2240
 rank =            0  starting chunk          561 starting at -         2241  ending at -         2244
 rank =            0  starting chunk          562 starting at -         2245  ending at -         2248
 rank =            0  starting chunk          563 starting at -         2249  ending at -         2252
 rank =            0  starting chunk          564 starting at -         2253  ending at -         2256
 rank =            0  starting chunk          565 starting at -         2257  ending at -         2260
 rank =            0  starting chunk          566 starting at -         2261  ending at -         2264
 rank =            0  starting chunk          567 starting at -         2265  ending at -         2268
 rank =            0  starting chunk          568 starting at -         2269  ending at -         2272
 rank =            0  starting chunk          569 starting at -         2273  ending at -         2276
 rank =            0  starting chunk          570 starting at -         2277  ending at -         2280
 rank =            0  starting chunk          571 starting at -         2281  ending at -         2284
 rank =            0  starting chunk          572 starting at -         2285  ending at -         2288
 rank =            0  starting chunk          573 starting at -         2289  ending at -         2292
 rank =            0  starting chunk          574 starting at -         2293  ending at -         2296
 rank =            0  starting chunk          575 starting at -         2297  ending at -         2300
 rank =            0  starting chunk          576 starting at -         2301  ending at -         2304
 rank =            0  starting chunk          577 starting at -         2305  ending at -         2308
 rank =            0  starting chunk          578 starting at -         2309  ending at -         2312
 rank =            0  starting chunk          579 starting at -         2313  ending at -         2316
 rank =            0  starting chunk          580 starting at -         2317  ending at -         2320
 rank =            0  starting chunk          581 starting at -         2321  ending at -         2324
 rank =            0  starting chunk          582 starting at -         2325  ending at -         2328
 rank =            0  starting chunk          583 starting at -         2329  ending at -         2332
 rank =            0  starting chunk          584 starting at -         2333  ending at -         2336
 rank =            0  starting chunk          585 starting at -         2337  ending at -         2340
 rank =            0  starting chunk          586 starting at -         2341  ending at -         2344
 rank =            0  starting chunk          587 starting at -         2345  ending at -         2348
 rank =            0  starting chunk          588 starting at -         2349  ending at -         2352
 rank =            0  starting chunk          589 starting at -         2353  ending at -         2356
 rank =            0  starting chunk          590 starting at -         2357  ending at -         2360
 rank =            0  starting chunk          591 starting at -         2361  ending at -         2364
 rank =            0  starting chunk          592 starting at -         2365  ending at -         2368
 rank =            0  starting chunk          593 starting at -         2369  ending at -         2372
 rank =            0  starting chunk          594 starting at -         2373  ending at -         2376
 rank =            0  starting chunk          595 starting at -         2377  ending at -         2380
 rank =            0  starting chunk          596 starting at -         2381  ending at -         2384
 rank =            0  starting chunk          597 starting at -         2385  ending at -         2388
 rank =            0  starting chunk          598 starting at -         2389  ending at -         2392
 rank =            0  starting chunk          599 starting at -         2393  ending at -         2396
 rank =            0  starting chunk          600 starting at -         2397  ending at -         2400
 rank =            0  starting chunk          601 starting at -         2401  ending at -         2404
 rank =            0  starting chunk          602 starting at -         2405  ending at -         2408
 rank =            0  starting chunk          603 starting at -         2409  ending at -         2412
 rank =            0  starting chunk          604 starting at -         2413  ending at -         2416
 rank =            0  starting chunk          605 starting at -         2417  ending at -         2420
 rank =            0  starting chunk          606 starting at -         2421  ending at -         2424
 rank =            0  starting chunk          607 starting at -         2425  ending at -         2428
 rank =            0  starting chunk          608 starting at -         2429  ending at -         2432
 rank =            0  starting chunk          609 starting at -         2433  ending at -         2436
 rank =            0  starting chunk          610 starting at -         2437  ending at -         2440
 rank =            0  starting chunk          611 starting at -         2441  ending at -         2444
 rank =            0  starting chunk          612 starting at -         2445  ending at -         2448
 rank =            0  starting chunk          613 starting at -         2449  ending at -         2452
 rank =            0  starting chunk          614 starting at -         2453  ending at -         2456
 rank =            0  starting chunk          615 starting at -         2457  ending at -         2460
 rank =            0  starting chunk          616 starting at -         2461  ending at -         2464
 rank =            0  starting chunk          617 starting at -         2465  ending at -         2468
 rank =            0  starting chunk          618 starting at -         2469  ending at -         2472
 rank =            0  starting chunk          619 starting at -         2473  ending at -         2476
 rank =            0  starting chunk          620 starting at -         2477  ending at -         2480
 rank =            0  starting chunk          621 starting at -         2481  ending at -         2484
 rank =            0  starting chunk          622 starting at -         2485  ending at -         2488
 rank =            0  starting chunk          623 starting at -         2489  ending at -         2492
 rank =            0  starting chunk          624 starting at -         2493  ending at -         2496
 rank =            0  starting chunk          625 starting at -         2497  ending at -         2500
 rank =            0  starting chunk          626 starting at -         2501  ending at -         2504
 rank =            0  starting chunk          627 starting at -         2505  ending at -         2508
 rank =            0  starting chunk          628 starting at -         2509  ending at -         2512
 rank =            0  starting chunk          629 starting at -         2513  ending at -         2516
 rank =            0  starting chunk          630 starting at -         2517  ending at -         2520
 rank =            0  starting chunk          631 starting at -         2521  ending at -         2524
 rank =            0  starting chunk          632 starting at -         2525  ending at -         2528
 rank =            0  starting chunk          633 starting at -         2529  ending at -         2532
 rank =            0  starting chunk          634 starting at -         2533  ending at -         2536
 rank =            0  starting chunk          635 starting at -         2537  ending at -         2540
 rank =            0  starting chunk          636 starting at -         2541  ending at -         2544
 rank =            0  starting chunk          637 starting at -         2545  ending at -         2548
 rank =            0  starting chunk          638 starting at -         2549  ending at -         2552
 rank =            0  starting chunk          639 starting at -         2553  ending at -         2556
 rank =            0  starting chunk          640 starting at -         2557  ending at -         2560
 rank =            0  starting chunk          641 starting at -         2561  ending at -         2564
 rank =            0  starting chunk          642 starting at -         2565  ending at -         2568
 rank =            0  starting chunk          643 starting at -         2569  ending at -         2572
 rank =            0  starting chunk          644 starting at -         2573  ending at -         2576
 rank =            0  starting chunk          645 starting at -         2577  ending at -         2580
 rank =            0  starting chunk          646 starting at -         2581  ending at -         2584
 rank =            0  starting chunk          647 starting at -         2585  ending at -         2588
 rank =            0  starting chunk          648 starting at -         2589  ending at -         2592
 rank =            0  starting chunk          649 starting at -         2593  ending at -         2596
 rank =            0  starting chunk          650 starting at -         2597  ending at -         2600
 rank =            0  starting chunk          651 starting at -         2601  ending at -         2604
 rank =            0  starting chunk          652 starting at -         2605  ending at -         2608
 rank =            0  starting chunk          653 starting at -         2609  ending at -         2612
 rank =            0  starting chunk          654 starting at -         2613  ending at -         2616
 rank =            0  starting chunk          655 starting at -         2617  ending at -         2620
 rank =            0  starting chunk          656 starting at -         2621  ending at -         2624
 rank =            0  starting chunk          657 starting at -         2625  ending at -         2628
 rank =            0  starting chunk          658 starting at -         2629  ending at -         2632
 rank =            0  starting chunk          659 starting at -         2633  ending at -         2636
 rank =            0  starting chunk          660 starting at -         2637  ending at -         2640
 rank =            0  starting chunk          661 starting at -         2641  ending at -         2644
 rank =            0  starting chunk          662 starting at -         2645  ending at -         2648
 rank =            0  starting chunk          663 starting at -         2649  ending at -         2652
 rank =            0  starting chunk          664 starting at -         2653  ending at -         2656
 rank =            0  starting chunk          665 starting at -         2657  ending at -         2660
 rank =            0  starting chunk          666 starting at -         2661  ending at -         2664
 rank =            0  starting chunk          667 starting at -         2665  ending at -         2668
 rank =            0  starting chunk          668 starting at -         2669  ending at -         2672
 rank =            0  starting chunk          669 starting at -         2673  ending at -         2676
 rank =            0  starting chunk          670 starting at -         2677  ending at -         2680
 rank =            0  starting chunk          671 starting at -         2681  ending at -         2684
 rank =            0  starting chunk          672 starting at -         2685  ending at -         2688
 rank =            0  starting chunk          673 starting at -         2689  ending at -         2692
 rank =            0  starting chunk          674 starting at -         2693  ending at -         2696
 rank =            0  starting chunk          675 starting at -         2697  ending at -         2700
 rank =            0  starting chunk          676 starting at -         2701  ending at -         2704
 rank =            0  starting chunk          677 starting at -         2705  ending at -         2708
 rank =            0  starting chunk          678 starting at -         2709  ending at -         2712
 rank =            0  starting chunk          679 starting at -         2713  ending at -         2716
 rank =            0  starting chunk          680 starting at -         2717  ending at -         2720
 rank =            0  starting chunk          681 starting at -         2721  ending at -         2724
 rank =            0  starting chunk          682 starting at -         2725  ending at -         2728
 rank =            0  starting chunk          683 starting at -         2729  ending at -         2732
 rank =            0  starting chunk          684 starting at -         2733  ending at -         2736
 rank =            0  starting chunk          685 starting at -         2737  ending at -         2740
 rank =            0  starting chunk          686 starting at -         2741  ending at -         2744
 rank =            0  starting chunk          687 starting at -         2745  ending at -         2748
 rank =            0  starting chunk          688 starting at -         2749  ending at -         2752
 rank =            0  starting chunk          689 starting at -         2753  ending at -         2756
 rank =            0  starting chunk          690 starting at -         2757  ending at -         2760
 rank =            0  starting chunk          691 starting at -         2761  ending at -         2764
 rank =            0  starting chunk          692 starting at -         2765  ending at -         2768
 rank =            0  starting chunk          693 starting at -         2769  ending at -         2772
 rank =            0  starting chunk          694 starting at -         2773  ending at -         2776
 rank =            0  starting chunk          695 starting at -         2777  ending at -         2780
 rank =            0  starting chunk          696 starting at -         2781  ending at -         2784
 rank =            0  starting chunk          697 starting at -         2785  ending at -         2788
 rank =            0  starting chunk          698 starting at -         2789  ending at -         2792
 rank =            0  starting chunk          699 starting at -         2793  ending at -         2796
 rank =            0  starting chunk          700 starting at -         2797  ending at -         2800
 rank =            0  starting chunk          701 starting at -         2801  ending at -         2804
 rank =            0  starting chunk          702 starting at -         2805  ending at -         2808
 rank =            0  starting chunk          703 starting at -         2809  ending at -         2812
 rank =            0  starting chunk          704 starting at -         2813  ending at -         2816
 rank =            0  starting chunk          705 starting at -         2817  ending at -         2820
 rank =            0  starting chunk          706 starting at -         2821  ending at -         2824
 rank =            0  starting chunk          707 starting at -         2825  ending at -         2828
 rank =            0  starting chunk          708 starting at -         2829  ending at -         2832
 rank =            0  starting chunk          709 starting at -         2833  ending at -         2836
 rank =            0  starting chunk          710 starting at -         2837  ending at -         2840
 rank =            0  starting chunk          711 starting at -         2841  ending at -         2844
 rank =            0  starting chunk          712 starting at -         2845  ending at -         2848
 rank =            0  starting chunk          713 starting at -         2849  ending at -         2852
 rank =            0  starting chunk          714 starting at -         2853  ending at -         2856
 rank =            0  starting chunk          715 starting at -         2857  ending at -         2860
 rank =            0  starting chunk          716 starting at -         2861  ending at -         2864
 rank =            0  starting chunk          717 starting at -         2865  ending at -         2868
 rank =            0  starting chunk          718 starting at -         2869  ending at -         2872
 rank =            0  starting chunk          719 starting at -         2873  ending at -         2876
 rank =            0  starting chunk          720 starting at -         2877  ending at -         2880
 rank =            0  starting chunk          721 starting at -         2881  ending at -         2884
 rank =            0  starting chunk          722 starting at -         2885  ending at -         2888
 rank =            0  starting chunk          723 starting at -         2889  ending at -         2892
 rank =            0  starting chunk          724 starting at -         2893  ending at -         2896
 rank =            0  starting chunk          725 starting at -         2897  ending at -         2900
 rank =            0  starting chunk          726 starting at -         2901  ending at -         2904
 rank =            0  starting chunk          727 starting at -         2905  ending at -         2908
 rank =            0  starting chunk          728 starting at -         2909  ending at -         2912
 rank =            0  starting chunk          729 starting at -         2913  ending at -         2916
 rank =            0  starting chunk          730 starting at -         2917  ending at -         2920
 rank =            0  starting chunk          731 starting at -         2921  ending at -         2924
 rank =            0  starting chunk          732 starting at -         2925  ending at -         2928
 rank =            0  starting chunk          733 starting at -         2929  ending at -         2932
 rank =            0  starting chunk          734 starting at -         2933  ending at -         2936
 rank =            0  starting chunk          735 starting at -         2937  ending at -         2940
 rank =            0  starting chunk          736 starting at -         2941  ending at -         2944
 rank =            0  starting chunk          737 starting at -         2945  ending at -         2948
 rank =            0  starting chunk          738 starting at -         2949  ending at -         2952
 rank =            0  starting chunk          739 starting at -         2953  ending at -         2956
 rank =            0  starting chunk          740 starting at -         2957  ending at -         2960
 rank =            0  starting chunk          741 starting at -         2961  ending at -         2964
 rank =            0  starting chunk          742 starting at -         2965  ending at -         2968
 rank =            0  starting chunk          743 starting at -         2969  ending at -         2972
 rank =            0  starting chunk          744 starting at -         2973  ending at -         2976
 rank =            0  starting chunk          745 starting at -         2977  ending at -         2980
 rank =            0  starting chunk          746 starting at -         2981  ending at -         2984
 rank =            0  starting chunk          747 starting at -         2985  ending at -         2988
 rank =            0  starting chunk          748 starting at -         2989  ending at -         2992
 rank =            0  starting chunk          749 starting at -         2993  ending at -         2996
 rank =            0  starting chunk          750 starting at -         2997  ending at -         3000
 rank =            0  starting chunk          751 starting at -         3001  ending at -         3004
 rank =            0  starting chunk          752 starting at -         3005  ending at -         3008
 rank =            0  starting chunk          753 starting at -         3009  ending at -         3012
 rank =            0  starting chunk          754 starting at -         3013  ending at -         3016
 rank =            0  starting chunk          755 starting at -         3017  ending at -         3020
 rank =            0  starting chunk          756 starting at -         3021  ending at -         3024
 rank =            0  starting chunk          757 starting at -         3025  ending at -         3028
 rank =            0  starting chunk          758 starting at -         3029  ending at -         3032
 rank =            0  starting chunk          759 starting at -         3033  ending at -         3036
 rank =            0  starting chunk          760 starting at -         3037  ending at -         3040
 rank =            0  starting chunk          761 starting at -         3041  ending at -         3044
 rank =            0  starting chunk          762 starting at -         3045  ending at -         3048
 rank =            0  starting chunk          763 starting at -         3049  ending at -         3052
 rank =            0  starting chunk          764 starting at -         3053  ending at -         3056
 rank =            0  starting chunk          765 starting at -         3057  ending at -         3060
 rank =            0  starting chunk          766 starting at -         3061  ending at -         3064
 rank =            0  starting chunk          767 starting at -         3065  ending at -         3068
 rank =            0  starting chunk          768 starting at -         3069  ending at -         3072
 rank =            0  starting chunk          769 starting at -         3073  ending at -         3076
 rank =            0  starting chunk          770 starting at -         3077  ending at -         3080
 rank =            0  starting chunk          771 starting at -         3081  ending at -         3084
 rank =            0  starting chunk          772 starting at -         3085  ending at -         3088
 rank =            0  starting chunk          773 starting at -         3089  ending at -         3092
 rank =            0  starting chunk          774 starting at -         3093  ending at -         3096
 rank =            0  starting chunk          775 starting at -         3097  ending at -         3100
 rank =            0  starting chunk          776 starting at -         3101  ending at -         3104
 rank =            0  starting chunk          777 starting at -         3105  ending at -         3108
 rank =            0  starting chunk          778 starting at -         3109  ending at -         3112
 rank =            0  starting chunk          779 starting at -         3113  ending at -         3116
 rank =            0  starting chunk          780 starting at -         3117  ending at -         3120
 rank =            0  starting chunk          781 starting at -         3121  ending at -         3124
 rank =            0  starting chunk          782 starting at -         3125  ending at -         3128
 rank =            0  starting chunk          783 starting at -         3129  ending at -         3132
 rank =            0  starting chunk          784 starting at -         3133  ending at -         3136
 rank =            0  starting chunk          785 starting at -         3137  ending at -         3140
 rank =            0  starting chunk          786 starting at -         3141  ending at -         3144
 rank =            0  starting chunk          787 starting at -         3145  ending at -         3148
 rank =            0  starting chunk          788 starting at -         3149  ending at -         3152
 rank =            0  starting chunk          789 starting at -         3153  ending at -         3156
 rank =            0  starting chunk          790 starting at -         3157  ending at -         3160
 rank =            0  starting chunk          791 starting at -         3161  ending at -         3164
 rank =            0  starting chunk          792 starting at -         3165  ending at -         3168
 rank =            0  starting chunk          793 starting at -         3169  ending at -         3172
 rank =            0  starting chunk          794 starting at -         3173  ending at -         3176
 rank =            0  starting chunk          795 starting at -         3177  ending at -         3180
 rank =            0  starting chunk          796 starting at -         3181  ending at -         3184
 rank =            0  starting chunk          797 starting at -         3185  ending at -         3188
 rank =            0  starting chunk          798 starting at -         3189  ending at -         3192
 rank =            0  starting chunk          799 starting at -         3193  ending at -         3196
 rank =            0  starting chunk          800 starting at -         3197  ending at -         3200
 rank =            0  starting chunk          801 starting at -         3201  ending at -         3204
 rank =            0  starting chunk          802 starting at -         3205  ending at -         3208
 rank =            0  starting chunk          803 starting at -         3209  ending at -         3212
 rank =            0  starting chunk          804 starting at -         3213  ending at -         3216
 rank =            0  starting chunk          805 starting at -         3217  ending at -         3220
 rank =            0  starting chunk          806 starting at -         3221  ending at -         3224
 rank =            0  starting chunk          807 starting at -         3225  ending at -         3228
 rank =            0  starting chunk          808 starting at -         3229  ending at -         3232
 rank =            0  starting chunk          809 starting at -         3233  ending at -         3236
 rank =            0  starting chunk          810 starting at -         3237  ending at -         3240
 rank =            0  starting chunk          811 starting at -         3241  ending at -         3244
 rank =            0  starting chunk          812 starting at -         3245  ending at -         3248
 rank =            0  starting chunk          813 starting at -         3249  ending at -         3252
 rank =            0  starting chunk          814 starting at -         3253  ending at -         3256
 rank =            0  starting chunk          815 starting at -         3257  ending at -         3260
 rank =            0  starting chunk          816 starting at -         3261  ending at -         3264
 rank =            0  starting chunk          817 starting at -         3265  ending at -         3268
 rank =            0  starting chunk          818 starting at -         3269  ending at -         3272
 rank =            0  starting chunk          819 starting at -         3273  ending at -         3276
 rank =            0  starting chunk          820 starting at -         3277  ending at -         3280
 rank =            0  starting chunk          821 starting at -         3281  ending at -         3284
 rank =            0  starting chunk          822 starting at -         3285  ending at -         3288
 rank =            0  starting chunk          823 starting at -         3289  ending at -         3292
 rank =            0  starting chunk          824 starting at -         3293  ending at -         3296
 rank =            0  starting chunk          825 starting at -         3297  ending at -         3300
 rank =            0  starting chunk          826 starting at -         3301  ending at -         3304
 rank =            0  starting chunk          827 starting at -         3305  ending at -         3308
 rank =            0  starting chunk          828 starting at -         3309  ending at -         3312
 rank =            0  starting chunk          829 starting at -         3313  ending at -         3316
 rank =            0  starting chunk          830 starting at -         3317  ending at -         3320
 rank =            0  starting chunk          831 starting at -         3321  ending at -         3324
 rank =            0  starting chunk          832 starting at -         3325  ending at -         3328
 rank =            0  starting chunk          833 starting at -         3329  ending at -         3332
 rank =            0  starting chunk          834 starting at -         3333  ending at -         3336
 rank =            0  starting chunk          835 starting at -         3337  ending at -         3340
 rank =            0  starting chunk          836 starting at -         3341  ending at -         3344
 rank =            0  starting chunk          837 starting at -         3345  ending at -         3348
 rank =            0  starting chunk          838 starting at -         3349  ending at -         3352
 rank =            0  starting chunk          839 starting at -         3353  ending at -         3356
 rank =            0  starting chunk          840 starting at -         3357  ending at -         3360
 rank =            0  starting chunk          841 starting at -         3361  ending at -         3364
 rank =            0  starting chunk          842 starting at -         3365  ending at -         3368
 rank =            0  starting chunk          843 starting at -         3369  ending at -         3372
 rank =            0  starting chunk          844 starting at -         3373  ending at -         3376
 rank =            0  starting chunk          845 starting at -         3377  ending at -         3380
 rank =            0  starting chunk          846 starting at -         3381  ending at -         3384
 rank =            0  starting chunk          847 starting at -         3385  ending at -         3388
 rank =            0  starting chunk          848 starting at -         3389  ending at -         3392
 rank =            0  starting chunk          849 starting at -         3393  ending at -         3396
 rank =            0  starting chunk          850 starting at -         3397  ending at -         3400
 rank =            0  starting chunk          851 starting at -         3401  ending at -         3404
 rank =            0  starting chunk          852 starting at -         3405  ending at -         3408
 rank =            0  starting chunk          853 starting at -         3409  ending at -         3412
 rank =            0  starting chunk          854 starting at -         3413  ending at -         3416
 rank =            0  starting chunk          855 starting at -         3417  ending at -         3420
 rank =            0  starting chunk          856 starting at -         3421  ending at -         3424
 rank =            0  starting chunk          857 starting at -         3425  ending at -         3428
 rank =            0  starting chunk          858 starting at -         3429  ending at -         3432
 rank =            0  starting chunk          859 starting at -         3433  ending at -         3436
 rank =            0  starting chunk          860 starting at -         3437  ending at -         3440
 rank =            0  starting chunk          861 starting at -         3441  ending at -         3444
 rank =            0  starting chunk          862 starting at -         3445  ending at -         3448
 rank =            0  starting chunk          863 starting at -         3449  ending at -         3452
 rank =            0  starting chunk          864 starting at -         3453  ending at -         3456
 rank =            0  starting chunk          865 starting at -         3457  ending at -         3460
 rank =            0  starting chunk          866 starting at -         3461  ending at -         3464
 rank =            0  starting chunk          867 starting at -         3465  ending at -         3468
 rank =            0  starting chunk          868 starting at -         3469  ending at -         3472
 rank =            0  starting chunk          869 starting at -         3473  ending at -         3476
