==========================================
SLURM_JOB_ID = 140326
SLURM_JOB_NODELIST = flux-node[07,11,13-14]
SLURM_NTASKS = 512
SLURM_NNODES = 4
SLURM_NPROCS = 512
SLURM_MEM_PER_CPU = 
TMPDIR = /scratch/local/amaan/SLURM_140326
TMPDIR_LOCAL = /scratch/local/amaan/SLURM_140326
TMPDIR_SHARED = /scratch/shared/amaan/SLURM_140326
==========================================
flux-node[07,11,13-14]
512
140326
/p/ltxdata/Li_evporator/composite_surface
 rank =            0  starting chunk            1 starting at -            1  ending at -            4
 rank =            0  starting chunk            2 starting at -            5  ending at -            8
 rank =            0  starting chunk            3 starting at -            9  ending at -           12
 rank =            0  starting chunk            4 starting at -           13  ending at -           16
 rank =            0  starting chunk            5 starting at -           17  ending at -           20
 rank =            0  starting chunk            6 starting at -           21  ending at -           24
 rank =            0  starting chunk            7 starting at -           25  ending at -           28
 rank =            0  starting chunk            8 starting at -           29  ending at -           32
 rank =            0  starting chunk            9 starting at -           33  ending at -           36
 rank =            0  starting chunk           10 starting at -           37  ending at -           40
 rank =            0  starting chunk           11 starting at -           41  ending at -           44
 rank =            0  starting chunk           12 starting at -           45  ending at -           48
 rank =            0  starting chunk           13 starting at -           49  ending at -           52
 rank =            0  starting chunk           14 starting at -           53  ending at -           56
 rank =            0  starting chunk           15 starting at -           57  ending at -           60
 rank =            0  starting chunk           16 starting at -           61  ending at -           64
 rank =            0  starting chunk           17 starting at -           65  ending at -           68
 rank =            0  starting chunk           18 starting at -           69  ending at -           72
 rank =            0  starting chunk           19 starting at -           73  ending at -           76
 rank =            0  starting chunk           20 starting at -           77  ending at -           80
 rank =            0  starting chunk           21 starting at -           81  ending at -           84
 rank =            0  starting chunk           22 starting at -           85  ending at -           88
 rank =            0  starting chunk           23 starting at -           89  ending at -           92
 rank =            0  starting chunk           24 starting at -           93  ending at -           96
 rank =            0  starting chunk           25 starting at -           97  ending at -          100
 rank =            0  starting chunk           26 starting at -          101  ending at -          104
 rank =            0  starting chunk           27 starting at -          105  ending at -          108
 rank =            0  starting chunk           28 starting at -          109  ending at -          112
 rank =            0  starting chunk           29 starting at -          113  ending at -          116
 rank =            0  starting chunk           30 starting at -          117  ending at -          120
 rank =            0  starting chunk           31 starting at -          121  ending at -          124
 rank =            0  starting chunk           32 starting at -          125  ending at -          128
 rank =            0  starting chunk           33 starting at -          129  ending at -          132
 rank =            0  starting chunk           34 starting at -          133  ending at -          136
 rank =            0  starting chunk           35 starting at -          137  ending at -          140
 rank =            0  starting chunk           36 starting at -          141  ending at -          144
 rank =            0  starting chunk           37 starting at -          145  ending at -          148
 rank =            0  starting chunk           38 starting at -          149  ending at -          152
 rank =            0  starting chunk           39 starting at -          153  ending at -          156
 rank =            0  starting chunk           40 starting at -          157  ending at -          160
 rank =            0  starting chunk           41 starting at -          161  ending at -          164
 rank =            0  starting chunk           42 starting at -          165  ending at -          168
 rank =            0  starting chunk           43 starting at -          169  ending at -          172
 rank =            0  starting chunk           44 starting at -          173  ending at -          176
 rank =            0  starting chunk           45 starting at -          177  ending at -          180
 rank =            0  starting chunk           46 starting at -          181  ending at -          184
 rank =            0  starting chunk           47 starting at -          185  ending at -          188
 rank =            0  starting chunk           48 starting at -          189  ending at -          192
 rank =            0  starting chunk           49 starting at -          193  ending at -          196
 rank =            0  starting chunk           50 starting at -          197  ending at -          200
 rank =            0  starting chunk           51 starting at -          201  ending at -          204
 rank =            0  starting chunk           52 starting at -          205  ending at -          208
 rank =            0  starting chunk           53 starting at -          209  ending at -          212
 rank =            0  starting chunk           54 starting at -          213  ending at -          216
 rank =            0  starting chunk           55 starting at -          217  ending at -          220
 rank =            0  starting chunk           56 starting at -          221  ending at -          224
 rank =            0  starting chunk           57 starting at -          225  ending at -          228
 rank =            0  starting chunk           58 starting at -          229  ending at -          232
 rank =            0  starting chunk           59 starting at -          233  ending at -          236
 rank =            0  starting chunk           60 starting at -          237  ending at -          240
 rank =            0  starting chunk           61 starting at -          241  ending at -          244
 rank =            0  starting chunk           62 starting at -          245  ending at -          248
 rank =            0  starting chunk           63 starting at -          249  ending at -          252
 rank =            0  starting chunk           64 starting at -          253  ending at -          256
 rank =            0  starting chunk           65 starting at -          257  ending at -          260
 rank =            0  starting chunk           66 starting at -          261  ending at -          264
 rank =            0  starting chunk           67 starting at -          265  ending at -          268
 rank =            0  starting chunk           68 starting at -          269  ending at -          272
 rank =            0  starting chunk           69 starting at -          273  ending at -          276
 rank =            0  starting chunk           70 starting at -          277  ending at -          280
 rank =            0  starting chunk           71 starting at -          281  ending at -          284
 rank =            0  starting chunk           72 starting at -          285  ending at -          288
 rank =            0  starting chunk           73 starting at -          289  ending at -          292
 rank =            0  starting chunk           74 starting at -          293  ending at -          296
 rank =            0  starting chunk           75 starting at -          297  ending at -          300
 rank =            0  starting chunk           76 starting at -          301  ending at -          304
 rank =            0  starting chunk           77 starting at -          305  ending at -          308
 rank =            0  starting chunk           78 starting at -          309  ending at -          312
 rank =            0  starting chunk           79 starting at -          313  ending at -          316
 rank =            0  starting chunk           80 starting at -          317  ending at -          320
 rank =            0  starting chunk           81 starting at -          321  ending at -          324
 rank =            0  starting chunk           82 starting at -          325  ending at -          328
 rank =            0  starting chunk           83 starting at -          329  ending at -          332
 rank =            0  starting chunk           84 starting at -          333  ending at -          336
 rank =            0  starting chunk           85 starting at -          337  ending at -          340
 rank =            0  starting chunk           86 starting at -          341  ending at -          344
 rank =            0  starting chunk           87 starting at -          345  ending at -          348
 rank =            0  starting chunk           88 starting at -          349  ending at -          352
 rank =            0  starting chunk           89 starting at -          353  ending at -          356
 rank =            0  starting chunk           90 starting at -          357  ending at -          360
 rank =            0  starting chunk           91 starting at -          361  ending at -          364
 rank =            0  starting chunk           92 starting at -          365  ending at -          368
 rank =            0  starting chunk           93 starting at -          369  ending at -          372
 rank =            0  starting chunk           94 starting at -          373  ending at -          376
 rank =            0  starting chunk           95 starting at -          377  ending at -          380
 rank =            0  starting chunk           96 starting at -          381  ending at -          384
 rank =            0  starting chunk           97 starting at -          385  ending at -          388
 rank =            0  starting chunk           98 starting at -          389  ending at -          392
 rank =            0  starting chunk           99 starting at -          393  ending at -          396
 rank =            0  starting chunk          100 starting at -          397  ending at -          400
 rank =            0  starting chunk          101 starting at -          401  ending at -          404
 rank =            0  starting chunk          102 starting at -          405  ending at -          408
 rank =            0  starting chunk          103 starting at -          409  ending at -          412
 rank =            0  starting chunk          104 starting at -          413  ending at -          416
 rank =            0  starting chunk          105 starting at -          417  ending at -          420
 rank =            0  starting chunk          106 starting at -          421  ending at -          424
 rank =            0  starting chunk          107 starting at -          425  ending at -          428
 rank =            0  starting chunk          108 starting at -          429  ending at -          432
 rank =            0  starting chunk          109 starting at -          433  ending at -          436
 rank =            0  starting chunk          110 starting at -          437  ending at -          440
 rank =            0  starting chunk          111 starting at -          441  ending at -          444
 rank =            0  starting chunk          112 starting at -          445  ending at -          448
 rank =            0  starting chunk          113 starting at -          449  ending at -          452
 rank =            0  starting chunk          114 starting at -          453  ending at -          456
 rank =            0  starting chunk          115 starting at -          457  ending at -          460
 rank =            0  starting chunk          116 starting at -          461  ending at -          464
 rank =            0  starting chunk          117 starting at -          465  ending at -          468
 rank =            0  starting chunk          118 starting at -          469  ending at -          472
 rank =            0  starting chunk          119 starting at -          473  ending at -          476
 rank =            0  starting chunk          120 starting at -          477  ending at -          480
 rank =            0  starting chunk          121 starting at -          481  ending at -          484
 rank =            0  starting chunk          122 starting at -          485  ending at -          488
 rank =            0  starting chunk          123 starting at -          489  ending at -          492
 rank =            0  starting chunk          124 starting at -          493  ending at -          496
 rank =            0  starting chunk          125 starting at -          497  ending at -          500
 rank =            0  starting chunk          126 starting at -          501  ending at -          504
 rank =            0  starting chunk          127 starting at -          505  ending at -          508
 rank =            0  starting chunk          128 starting at -          509  ending at -          512
 rank =            0  starting chunk          129 starting at -          513  ending at -          516
 rank =            0  starting chunk          130 starting at -          517  ending at -          520
 rank =            0  starting chunk          131 starting at -          521  ending at -          524
 rank =            0  starting chunk          132 starting at -          525  ending at -          528
 rank =            0  starting chunk          133 starting at -          529  ending at -          532
 rank =            0  starting chunk          134 starting at -          533  ending at -          536
 rank =            0  starting chunk          135 starting at -          537  ending at -          540
 rank =            0  starting chunk          136 starting at -          541  ending at -          544
 rank =            0  starting chunk          137 starting at -          545  ending at -          548
 rank =            0  starting chunk          138 starting at -          549  ending at -          552
 rank =            0  starting chunk          139 starting at -          553  ending at -          556
 rank =            0  starting chunk          140 starting at -          557  ending at -          560
 rank =            0  starting chunk          141 starting at -          561  ending at -          564
 rank =            0  starting chunk          142 starting at -          565  ending at -          568
 rank =            0  starting chunk          143 starting at -          569  ending at -          572
 rank =            0  starting chunk          144 starting at -          573  ending at -          576
 rank =            0  starting chunk          145 starting at -          577  ending at -          580
 rank =            0  starting chunk          146 starting at -          581  ending at -          584
 rank =            0  starting chunk          147 starting at -          585  ending at -          588
 rank =            0  starting chunk          148 starting at -          589  ending at -          592
 rank =            0  starting chunk          149 starting at -          593  ending at -          596
 rank =            0  starting chunk          150 starting at -          597  ending at -          600
 rank =            0  starting chunk          151 starting at -          601  ending at -          604
 rank =            0  starting chunk          152 starting at -          605  ending at -          608
 rank =            0  starting chunk          153 starting at -          609  ending at -          612
 rank =            0  starting chunk          154 starting at -          613  ending at -          616
 rank =            0  starting chunk          155 starting at -          617  ending at -          620
 rank =            0  starting chunk          156 starting at -          621  ending at -          624
 rank =            0  starting chunk          157 starting at -          625  ending at -          628
 rank =            0  starting chunk          158 starting at -          629  ending at -          632
 rank =            0  starting chunk          159 starting at -          633  ending at -          636
 rank =            0  starting chunk          160 starting at -          637  ending at -          640
 rank =            0  starting chunk          161 starting at -          641  ending at -          644
 rank =            0  starting chunk          162 starting at -          645  ending at -          648
 rank =            0  starting chunk          163 starting at -          649  ending at -          652
 rank =            0  starting chunk          164 starting at -          653  ending at -          656
 rank =            0  starting chunk          165 starting at -          657  ending at -          660
 rank =            0  starting chunk          166 starting at -          661  ending at -          664
 rank =            0  starting chunk          167 starting at -          665  ending at -          668
 rank =            0  starting chunk          168 starting at -          669  ending at -          672
 rank =            0  starting chunk          169 starting at -          673  ending at -          676
 rank =            0  starting chunk          170 starting at -          677  ending at -          680
 rank =            0  starting chunk          171 starting at -          681  ending at -          684
 rank =            0  starting chunk          172 starting at -          685  ending at -          688
 rank =            0  starting chunk          173 starting at -          689  ending at -          692
 rank =            0  starting chunk          174 starting at -          693  ending at -          696
 rank =            0  starting chunk          175 starting at -          697  ending at -          700
 rank =            0  starting chunk          176 starting at -          701  ending at -          704
 rank =            0  starting chunk          177 starting at -          705  ending at -          708
 rank =            0  starting chunk          178 starting at -          709  ending at -          712
 rank =            0  starting chunk          179 starting at -          713  ending at -          716
 rank =            0  starting chunk          180 starting at -          717  ending at -          720
 rank =            0  starting chunk          181 starting at -          721  ending at -          724
 rank =            0  starting chunk          182 starting at -          725  ending at -          728
 rank =            0  starting chunk          183 starting at -          729  ending at -          732
 rank =            0  starting chunk          184 starting at -          733  ending at -          736
 rank =            0  starting chunk          185 starting at -          737  ending at -          740
 rank =            0  starting chunk          186 starting at -          741  ending at -          744
 rank =            0  starting chunk          187 starting at -          745  ending at -          748
 rank =            0  starting chunk          188 starting at -          749  ending at -          752
 rank =            0  starting chunk          189 starting at -          753  ending at -          756
 rank =            0  starting chunk          190 starting at -          757  ending at -          760
 rank =            0  starting chunk          191 starting at -          761  ending at -          764
 rank =            0  starting chunk          192 starting at -          765  ending at -          768
 rank =            0  starting chunk          193 starting at -          769  ending at -          772
 rank =            0  starting chunk          194 starting at -          773  ending at -          776
 rank =            0  starting chunk          195 starting at -          777  ending at -          780
 rank =            0  starting chunk          196 starting at -          781  ending at -          784
 rank =            0  starting chunk          197 starting at -          785  ending at -          788
 rank =            0  starting chunk          198 starting at -          789  ending at -          792
 rank =            0  starting chunk          199 starting at -          793  ending at -          796
 rank =            0  starting chunk          200 starting at -          797  ending at -          800
 rank =            0  starting chunk          201 starting at -          801  ending at -          804
 rank =            0  starting chunk          202 starting at -          805  ending at -          808
 rank =            0  starting chunk          203 starting at -          809  ending at -          812
 rank =            0  starting chunk          204 starting at -          813  ending at -          816
 rank =            0  starting chunk          205 starting at -          817  ending at -          820
 rank =            0  starting chunk          206 starting at -          821  ending at -          824
 rank =            0  starting chunk          207 starting at -          825  ending at -          828
 rank =            0  starting chunk          208 starting at -          829  ending at -          832
 rank =            0  starting chunk          209 starting at -          833  ending at -          836
 rank =            0  starting chunk          210 starting at -          837  ending at -          840
 rank =            0  starting chunk          211 starting at -          841  ending at -          844
 rank =            0  starting chunk          212 starting at -          845  ending at -          848
 rank =            0  starting chunk          213 starting at -          849  ending at -          852
 rank =            0  starting chunk          214 starting at -          853  ending at -          856
 rank =            0  starting chunk          215 starting at -          857  ending at -          860
 rank =            0  starting chunk          216 starting at -          861  ending at -          864
 rank =            0  starting chunk          217 starting at -          865  ending at -          868
 rank =            0  starting chunk          218 starting at -          869  ending at -          872
 rank =            0  starting chunk          219 starting at -          873  ending at -          876
 rank =            0  starting chunk          220 starting at -          877  ending at -          880
 rank =            0  starting chunk          221 starting at -          881  ending at -          884
 rank =            0  starting chunk          222 starting at -          885  ending at -          888
 rank =            0  starting chunk          223 starting at -          889  ending at -          892
 rank =            0  starting chunk          224 starting at -          893  ending at -          896
 rank =            0  starting chunk          225 starting at -          897  ending at -          900
 rank =            0  starting chunk          226 starting at -          901  ending at -          904
 rank =            0  starting chunk          227 starting at -          905  ending at -          908
 rank =            0  starting chunk          228 starting at -          909  ending at -          912
 rank =            0  starting chunk          229 starting at -          913  ending at -          916
 rank =            0  starting chunk          230 starting at -          917  ending at -          920
 rank =            0  starting chunk          231 starting at -          921  ending at -          924
 rank =            0  starting chunk          232 starting at -          925  ending at -          928
 rank =            0  starting chunk          233 starting at -          929  ending at -          932
 rank =            0  starting chunk          234 starting at -          933  ending at -          936
 rank =            0  starting chunk          235 starting at -          937  ending at -          940
 rank =            0  starting chunk          236 starting at -          941  ending at -          944
 rank =            0  starting chunk          237 starting at -          945  ending at -          948
 rank =            0  starting chunk          238 starting at -          949  ending at -          952
 rank =            0  starting chunk          239 starting at -          953  ending at -          956
 rank =            0  starting chunk          240 starting at -          957  ending at -          960
 rank =            0  starting chunk          241 starting at -          961  ending at -          964
 rank =            0  starting chunk          242 starting at -          965  ending at -          968
 rank =            0  starting chunk          243 starting at -          969  ending at -          972
 rank =            0  starting chunk          244 starting at -          973  ending at -          976
 rank =            0  starting chunk          245 starting at -          977  ending at -          980
 rank =            0  starting chunk          246 starting at -          981  ending at -          984
 rank =            0  starting chunk          247 starting at -          985  ending at -          988
 rank =            0  starting chunk          248 starting at -          989  ending at -          992
 rank =            0  starting chunk          249 starting at -          993  ending at -          996
 rank =            0  starting chunk          250 starting at -          997  ending at -         1000
 rank =            0  starting chunk          251 starting at -         1001  ending at -         1004
 rank =            0  starting chunk          252 starting at -         1005  ending at -         1008
 rank =            0  starting chunk          253 starting at -         1009  ending at -         1012
 rank =            0  starting chunk          254 starting at -         1013  ending at -         1016
 rank =            0  starting chunk          255 starting at -         1017  ending at -         1020
 rank =            0  starting chunk          256 starting at -         1021  ending at -         1024
 rank =            0  starting chunk          257 starting at -         1025  ending at -         1028
 rank =            0  starting chunk          258 starting at -         1029  ending at -         1032
 rank =            0  starting chunk          259 starting at -         1033  ending at -         1036
 rank =            0  starting chunk          260 starting at -         1037  ending at -         1040
 rank =            0  starting chunk          261 starting at -         1041  ending at -         1044
 rank =            0  starting chunk          262 starting at -         1045  ending at -         1048
 rank =            0  starting chunk          263 starting at -         1049  ending at -         1052
 rank =            0  starting chunk          264 starting at -         1053  ending at -         1056
 rank =            0  starting chunk          265 starting at -         1057  ending at -         1060
 rank =            0  starting chunk          266 starting at -         1061  ending at -         1064
 rank =            0  starting chunk          267 starting at -         1065  ending at -         1068
 rank =            0  starting chunk          268 starting at -         1069  ending at -         1072
 rank =            0  starting chunk          269 starting at -         1073  ending at -         1076
 rank =            0  starting chunk          270 starting at -         1077  ending at -         1080
 rank =            0  starting chunk          271 starting at -         1081  ending at -         1084
 rank =            0  starting chunk          272 starting at -         1085  ending at -         1088
 rank =            0  starting chunk          273 starting at -         1089  ending at -         1092
 rank =            0  starting chunk          274 starting at -         1093  ending at -         1096
 rank =            0  starting chunk          275 starting at -         1097  ending at -         1100
 rank =            0  starting chunk          276 starting at -         1101  ending at -         1104
 rank =            0  starting chunk          277 starting at -         1105  ending at -         1108
 rank =            0  starting chunk          278 starting at -         1109  ending at -         1112
 rank =            0  starting chunk          279 starting at -         1113  ending at -         1116
 rank =            0  starting chunk          280 starting at -         1117  ending at -         1120
 rank =            0  starting chunk          281 starting at -         1121  ending at -         1124
 rank =            0  starting chunk          282 starting at -         1125  ending at -         1128
 rank =            0  starting chunk          283 starting at -         1129  ending at -         1132
 rank =            0  starting chunk          284 starting at -         1133  ending at -         1136
 rank =            0  starting chunk          285 starting at -         1137  ending at -         1140
 rank =            0  starting chunk          286 starting at -         1141  ending at -         1144
 rank =            0  starting chunk          287 starting at -         1145  ending at -         1148
 rank =            0  starting chunk          288 starting at -         1149  ending at -         1152
 rank =            0  starting chunk          289 starting at -         1153  ending at -         1156
 rank =            0  starting chunk          290 starting at -         1157  ending at -         1160
 rank =            0  starting chunk          291 starting at -         1161  ending at -         1164
 rank =            0  starting chunk          292 starting at -         1165  ending at -         1168
 rank =            0  starting chunk          293 starting at -         1169  ending at -         1172
 rank =            0  starting chunk          294 starting at -         1173  ending at -         1176
 rank =            0  starting chunk          295 starting at -         1177  ending at -         1180
 rank =            0  starting chunk          296 starting at -         1181  ending at -         1184
 rank =            0  starting chunk          297 starting at -         1185  ending at -         1188
 rank =            0  starting chunk          298 starting at -         1189  ending at -         1192
 rank =            0  starting chunk          299 starting at -         1193  ending at -         1196
 rank =            0  starting chunk          300 starting at -         1197  ending at -         1200
 rank =            0  starting chunk          301 starting at -         1201  ending at -         1204
 rank =            0  starting chunk          302 starting at -         1205  ending at -         1208
 rank =            0  starting chunk          303 starting at -         1209  ending at -         1212
 rank =            0  starting chunk          304 starting at -         1213  ending at -         1216
 rank =            0  starting chunk          305 starting at -         1217  ending at -         1220
 rank =            0  starting chunk          306 starting at -         1221  ending at -         1224
 rank =            0  starting chunk          307 starting at -         1225  ending at -         1228
 rank =            0  starting chunk          308 starting at -         1229  ending at -         1232
 rank =            0  starting chunk          309 starting at -         1233  ending at -         1236
 rank =            0  starting chunk          310 starting at -         1237  ending at -         1240
 rank =            0  starting chunk          311 starting at -         1241  ending at -         1244
 rank =            0  starting chunk          312 starting at -         1245  ending at -         1248
 rank =            0  starting chunk          313 starting at -         1249  ending at -         1252
 rank =            0  starting chunk          314 starting at -         1253  ending at -         1256
 rank =            0  starting chunk          315 starting at -         1257  ending at -         1260
 rank =            0  starting chunk          316 starting at -         1261  ending at -         1264
 rank =            0  starting chunk          317 starting at -         1265  ending at -         1268
 rank =            0  starting chunk          318 starting at -         1269  ending at -         1272
 rank =            0  starting chunk          319 starting at -         1273  ending at -         1276
 rank =            0  starting chunk          320 starting at -         1277  ending at -         1280
 rank =            0  starting chunk          321 starting at -         1281  ending at -         1284
 rank =            0  starting chunk          322 starting at -         1285  ending at -         1288
 rank =            0  starting chunk          323 starting at -         1289  ending at -         1292
 rank =            0  starting chunk          324 starting at -         1293  ending at -         1296
 rank =            0  starting chunk          325 starting at -         1297  ending at -         1300
 rank =            0  starting chunk          326 starting at -         1301  ending at -         1304
 rank =            0  starting chunk          327 starting at -         1305  ending at -         1308
 rank =            0  starting chunk          328 starting at -         1309  ending at -         1312
 rank =            0  starting chunk          329 starting at -         1313  ending at -         1316
 rank =            0  starting chunk          330 starting at -         1317  ending at -         1320
 rank =            0  starting chunk          331 starting at -         1321  ending at -         1324
 rank =            0  starting chunk          332 starting at -         1325  ending at -         1328
 rank =            0  starting chunk          333 starting at -         1329  ending at -         1332
 rank =            0  starting chunk          334 starting at -         1333  ending at -         1336
 rank =            0  starting chunk          335 starting at -         1337  ending at -         1340
 rank =            0  starting chunk          336 starting at -         1341  ending at -         1344
 rank =            0  starting chunk          337 starting at -         1345  ending at -         1348
 rank =            0  starting chunk          338 starting at -         1349  ending at -         1352
 rank =            0  starting chunk          339 starting at -         1353  ending at -         1356
 rank =            0  starting chunk          340 starting at -         1357  ending at -         1360
 rank =            0  starting chunk          341 starting at -         1361  ending at -         1364
 rank =            0  starting chunk          342 starting at -         1365  ending at -         1368
 rank =            0  starting chunk          343 starting at -         1369  ending at -         1372
 rank =            0  starting chunk          344 starting at -         1373  ending at -         1376
 rank =            0  starting chunk          345 starting at -         1377  ending at -         1380
 rank =            0  starting chunk          346 starting at -         1381  ending at -         1384
 rank =            0  starting chunk          347 starting at -         1385  ending at -         1388
 rank =            0  starting chunk          348 starting at -         1389  ending at -         1392
 rank =            0  starting chunk          349 starting at -         1393  ending at -         1396
 rank =            0  starting chunk          350 starting at -         1397  ending at -         1400
 rank =            0  starting chunk          351 starting at -         1401  ending at -         1404
 rank =            0  starting chunk          352 starting at -         1405  ending at -         1408
 rank =            0  starting chunk          353 starting at -         1409  ending at -         1412
 rank =            0  starting chunk          354 starting at -         1413  ending at -         1416
 rank =            0  starting chunk          355 starting at -         1417  ending at -         1420
 rank =            0  starting chunk          356 starting at -         1421  ending at -         1424
 rank =            0  starting chunk          357 starting at -         1425  ending at -         1428
 rank =            0  starting chunk          358 starting at -         1429  ending at -         1432
 rank =            0  starting chunk          359 starting at -         1433  ending at -         1436
 rank =            0  starting chunk          360 starting at -         1437  ending at -         1440
 rank =            0  starting chunk          361 starting at -         1441  ending at -         1444
 rank =            0  starting chunk          362 starting at -         1445  ending at -         1448
 rank =            0  starting chunk          363 starting at -         1449  ending at -         1452
 rank =            0  starting chunk          364 starting at -         1453  ending at -         1456
 rank =            0  starting chunk          365 starting at -         1457  ending at -         1460
 rank =            0  starting chunk          366 starting at -         1461  ending at -         1464
slurmstepd: error: *** JOB 140326 ON flux-node07 CANCELLED AT 2024-09-02T17:08:56 ***
